<?xml version="1.0" encoding="UTF-8"?>
<testsuite xmlns:xsi="http://www.w3.org/2001/XMLSchema-instance" xsi:noNamespaceSchemaLocation="https://maven.apache.org/surefire/maven-surefire-plugin/xsd/surefire-test-report-3.0.xsd" version="3.0" name="com.artificialncool.hostapp.integration.TestDatabaseCon" time="11.681" tests="2" errors="0" skipped="0" failures="0">
  <properties>
    <property name="java.specification.version" value="20"/>
    <property name="sun.jnu.encoding" value="UTF-8"/>
    <property name="java.class.path" value="/home/matija/programi/DevOps/host-service/hotel-host-service/target/test-classes:/home/matija/programi/DevOps/host-service/hotel-host-service/target/classes:/home/matija/.m2/repository/org/springframework/boot/spring-boot-starter-data-jdbc/3.1.0/spring-boot-starter-data-jdbc-3.1.0.jar:/home/matija/.m2/repository/org/springframework/data/spring-data-jdbc/3.1.0/spring-data-jdbc-3.1.0.jar:/home/matija/.m2/repository/org/springframework/data/spring-data-relational/3.1.0/spring-data-relational-3.1.0.jar:/home/matija/.m2/repository/org/springframework/data/spring-data-commons/3.1.0/spring-data-commons-3.1.0.jar:/home/matija/.m2/repository/org/springframework/spring-tx/6.0.9/spring-tx-6.0.9.jar:/home/matija/.m2/repository/org/springframework/spring-context/6.0.9/spring-context-6.0.9.jar:/home/matija/.m2/repository/org/springframework/spring-beans/6.0.9/spring-beans-6.0.9.jar:/home/matija/.m2/repository/org/slf4j/slf4j-api/2.0.7/slf4j-api-2.0.7.jar:/home/matija/.m2/repository/org/springframework/boot/spring-boot-starter-data-jpa/3.1.0/spring-boot-starter-data-jpa-3.1.0.jar:/home/matija/.m2/repository/org/springframework/boot/spring-boot-starter-aop/3.1.0/spring-boot-starter-aop-3.1.0.jar:/home/matija/.m2/repository/org/springframework/spring-aop/6.0.9/spring-aop-6.0.9.jar:/home/matija/.m2/repository/org/aspectj/aspectjweaver/1.9.19/aspectjweaver-1.9.19.jar:/home/matija/.m2/repository/org/hibernate/orm/hibernate-core/6.2.2.Final/hibernate-core-6.2.2.Final.jar:/home/matija/.m2/repository/jakarta/persistence/jakarta.persistence-api/3.1.0/jakarta.persistence-api-3.1.0.jar:/home/matija/.m2/repository/jakarta/transaction/jakarta.transaction-api/2.0.1/jakarta.transaction-api-2.0.1.jar:/home/matija/.m2/repository/org/jboss/logging/jboss-logging/3.5.0.Final/jboss-logging-3.5.0.Final.jar:/home/matija/.m2/repository/org/hibernate/common/hibernate-commons-annotations/6.0.6.Final/hibernate-commons-annotations-6.0.6.Final.jar:/home/matija/.m2/repository/io/smallrye/jandex/3.0.5/jandex-3.0.5.jar:/home/matija/.m2/repository/com/fasterxml/classmate/1.5.1/classmate-1.5.1.jar:/home/matija/.m2/repository/net/bytebuddy/byte-buddy/1.14.4/byte-buddy-1.14.4.jar:/home/matija/.m2/repository/org/glassfish/jaxb/jaxb-runtime/4.0.2/jaxb-runtime-4.0.2.jar:/home/matija/.m2/repository/org/glassfish/jaxb/jaxb-core/4.0.2/jaxb-core-4.0.2.jar:/home/matija/.m2/repository/org/eclipse/angus/angus-activation/2.0.0/angus-activation-2.0.0.jar:/home/matija/.m2/repository/org/glassfish/jaxb/txw2/4.0.2/txw2-4.0.2.jar:/home/matija/.m2/repository/com/sun/istack/istack-commons-runtime/4.1.1/istack-commons-runtime-4.1.1.jar:/home/matija/.m2/repository/jakarta/inject/jakarta.inject-api/2.0.1/jakarta.inject-api-2.0.1.jar:/home/matija/.m2/repository/org/antlr/antlr4-runtime/4.10.1/antlr4-runtime-4.10.1.jar:/home/matija/.m2/repository/org/springframework/data/spring-data-jpa/3.1.0/spring-data-jpa-3.1.0.jar:/home/matija/.m2/repository/org/springframework/spring-orm/6.0.9/spring-orm-6.0.9.jar:/home/matija/.m2/repository/jakarta/annotation/jakarta.annotation-api/2.1.1/jakarta.annotation-api-2.1.1.jar:/home/matija/.m2/repository/org/springframework/spring-aspects/6.0.9/spring-aspects-6.0.9.jar:/home/matija/.m2/repository/org/springframework/boot/spring-boot-starter-data-mongodb/3.1.0/spring-boot-starter-data-mongodb-3.1.0.jar:/home/matija/.m2/repository/org/springframework/boot/spring-boot-starter/3.1.0/spring-boot-starter-3.1.0.jar:/home/matija/.m2/repository/org/springframework/boot/spring-boot-autoconfigure/3.1.0/spring-boot-autoconfigure-3.1.0.jar:/home/matija/.m2/repository/org/springframework/boot/spring-boot-starter-logging/3.1.0/spring-boot-starter-logging-3.1.0.jar:/home/matija/.m2/repository/ch/qos/logback/logback-classic/1.4.7/logback-classic-1.4.7.jar:/home/matija/.m2/repository/ch/qos/logback/logback-core/1.4.7/logback-core-1.4.7.jar:/home/matija/.m2/repository/org/apache/logging/log4j/log4j-to-slf4j/2.20.0/log4j-to-slf4j-2.20.0.jar:/home/matija/.m2/repository/org/apache/logging/log4j/log4j-api/2.20.0/log4j-api-2.20.0.jar:/home/matija/.m2/repository/org/slf4j/jul-to-slf4j/2.0.7/jul-to-slf4j-2.0.7.jar:/home/matija/.m2/repository/org/yaml/snakeyaml/1.33/snakeyaml-1.33.jar:/home/matija/.m2/repository/org/mongodb/mongodb-driver-sync/4.9.1/mongodb-driver-sync-4.9.1.jar:/home/matija/.m2/repository/org/mongodb/bson/4.9.1/bson-4.9.1.jar:/home/matija/.m2/repository/org/mongodb/mongodb-driver-core/4.9.1/mongodb-driver-core-4.9.1.jar:/home/matija/.m2/repository/org/mongodb/bson-record-codec/4.9.1/bson-record-codec-4.9.1.jar:/home/matija/.m2/repository/org/springframework/data/spring-data-mongodb/4.1.0/spring-data-mongodb-4.1.0.jar:/home/matija/.m2/repository/org/springframework/spring-expression/6.0.9/spring-expression-6.0.9.jar:/home/matija/.m2/repository/org/springframework/boot/spring-boot-starter-jdbc/3.1.0/spring-boot-starter-jdbc-3.1.0.jar:/home/matija/.m2/repository/com/zaxxer/HikariCP/5.0.1/HikariCP-5.0.1.jar:/home/matija/.m2/repository/org/springframework/spring-jdbc/6.0.9/spring-jdbc-6.0.9.jar:/home/matija/.m2/repository/org/springframework/boot/spring-boot-starter-web/3.1.0/spring-boot-starter-web-3.1.0.jar:/home/matija/.m2/repository/org/springframework/boot/spring-boot-starter-json/3.1.0/spring-boot-starter-json-3.1.0.jar:/home/matija/.m2/repository/com/fasterxml/jackson/datatype/jackson-datatype-jdk8/2.15.0/jackson-datatype-jdk8-2.15.0.jar:/home/matija/.m2/repository/com/fasterxml/jackson/datatype/jackson-datatype-jsr310/2.15.0/jackson-datatype-jsr310-2.15.0.jar:/home/matija/.m2/repository/org/springframework/boot/spring-boot-starter-tomcat/3.1.0/spring-boot-starter-tomcat-3.1.0.jar:/home/matija/.m2/repository/org/apache/tomcat/embed/tomcat-embed-core/10.1.8/tomcat-embed-core-10.1.8.jar:/home/matija/.m2/repository/org/apache/tomcat/embed/tomcat-embed-el/10.1.8/tomcat-embed-el-10.1.8.jar:/home/matija/.m2/repository/org/apache/tomcat/embed/tomcat-embed-websocket/10.1.8/tomcat-embed-websocket-10.1.8.jar:/home/matija/.m2/repository/org/springframework/spring-web/6.0.9/spring-web-6.0.9.jar:/home/matija/.m2/repository/io/micrometer/micrometer-observation/1.11.0/micrometer-observation-1.11.0.jar:/home/matija/.m2/repository/io/micrometer/micrometer-commons/1.11.0/micrometer-commons-1.11.0.jar:/home/matija/.m2/repository/org/springframework/spring-webmvc/6.0.9/spring-webmvc-6.0.9.jar:/home/matija/.m2/repository/org/springframework/boot/spring-boot-starter-websocket/3.1.0/spring-boot-starter-websocket-3.1.0.jar:/home/matija/.m2/repository/org/springframework/spring-messaging/6.0.9/spring-messaging-6.0.9.jar:/home/matija/.m2/repository/org/springframework/spring-websocket/6.0.9/spring-websocket-6.0.9.jar:/home/matija/.m2/repository/org/springframework/boot/spring-boot-docker-compose/3.1.0/spring-boot-docker-compose-3.1.0.jar:/home/matija/.m2/repository/org/springframework/boot/spring-boot/3.1.0/spring-boot-3.1.0.jar:/home/matija/.m2/repository/com/fasterxml/jackson/core/jackson-databind/2.15.0/jackson-databind-2.15.0.jar:/home/matija/.m2/repository/com/fasterxml/jackson/core/jackson-annotations/2.15.0/jackson-annotations-2.15.0.jar:/home/matija/.m2/repository/com/fasterxml/jackson/core/jackson-core/2.15.0/jackson-core-2.15.0.jar:/home/matija/.m2/repository/com/fasterxml/jackson/module/jackson-module-parameter-names/2.15.0/jackson-module-parameter-names-2.15.0.jar:/home/matija/.m2/repository/org/projectlombok/lombok/1.18.26/lombok-1.18.26.jar:/home/matija/.m2/repository/org/springframework/boot/spring-boot-starter-test/3.1.0/spring-boot-starter-test-3.1.0.jar:/home/matija/.m2/repository/org/springframework/boot/spring-boot-test/3.1.0/spring-boot-test-3.1.0.jar:/home/matija/.m2/repository/org/springframework/boot/spring-boot-test-autoconfigure/3.1.0/spring-boot-test-autoconfigure-3.1.0.jar:/home/matija/.m2/repository/com/jayway/jsonpath/json-path/2.8.0/json-path-2.8.0.jar:/home/matija/.m2/repository/jakarta/xml/bind/jakarta.xml.bind-api/4.0.0/jakarta.xml.bind-api-4.0.0.jar:/home/matija/.m2/repository/jakarta/activation/jakarta.activation-api/2.1.2/jakarta.activation-api-2.1.2.jar:/home/matija/.m2/repository/net/minidev/json-smart/2.4.10/json-smart-2.4.10.jar:/home/matija/.m2/repository/net/minidev/accessors-smart/2.4.9/accessors-smart-2.4.9.jar:/home/matija/.m2/repository/org/ow2/asm/asm/9.3/asm-9.3.jar:/home/matija/.m2/repository/org/assertj/assertj-core/3.24.2/assertj-core-3.24.2.jar:/home/matija/.m2/repository/org/hamcrest/hamcrest/2.2/hamcrest-2.2.jar:/home/matija/.m2/repository/org/junit/jupiter/junit-jupiter/5.9.3/junit-jupiter-5.9.3.jar:/home/matija/.m2/repository/org/junit/jupiter/junit-jupiter-api/5.9.3/junit-jupiter-api-5.9.3.jar:/home/matija/.m2/repository/org/opentest4j/opentest4j/1.2.0/opentest4j-1.2.0.jar:/home/matija/.m2/repository/org/junit/platform/junit-platform-commons/1.9.3/junit-platform-commons-1.9.3.jar:/home/matija/.m2/repository/org/apiguardian/apiguardian-api/1.1.2/apiguardian-api-1.1.2.jar:/home/matija/.m2/repository/org/junit/jupiter/junit-jupiter-params/5.9.3/junit-jupiter-params-5.9.3.jar:/home/matija/.m2/repository/org/junit/jupiter/junit-jupiter-engine/5.9.3/junit-jupiter-engine-5.9.3.jar:/home/matija/.m2/repository/org/junit/platform/junit-platform-engine/1.9.3/junit-platform-engine-1.9.3.jar:/home/matija/.m2/repository/org/mockito/mockito-core/5.3.1/mockito-core-5.3.1.jar:/home/matija/.m2/repository/net/bytebuddy/byte-buddy-agent/1.14.4/byte-buddy-agent-1.14.4.jar:/home/matija/.m2/repository/org/objenesis/objenesis/3.3/objenesis-3.3.jar:/home/matija/.m2/repository/org/mockito/mockito-junit-jupiter/5.3.1/mockito-junit-jupiter-5.3.1.jar:/home/matija/.m2/repository/org/skyscreamer/jsonassert/1.5.1/jsonassert-1.5.1.jar:/home/matija/.m2/repository/com/vaadin/external/google/android-json/0.0.20131108.vaadin1/android-json-0.0.20131108.vaadin1.jar:/home/matija/.m2/repository/org/springframework/spring-core/6.0.9/spring-core-6.0.9.jar:/home/matija/.m2/repository/org/springframework/spring-jcl/6.0.9/spring-jcl-6.0.9.jar:/home/matija/.m2/repository/org/springframework/spring-test/6.0.9/spring-test-6.0.9.jar:/home/matija/.m2/repository/org/xmlunit/xmlunit-core/2.9.1/xmlunit-core-2.9.1.jar:/home/matija/.m2/repository/junit/junit/4.13.2/junit-4.13.2.jar:/home/matija/.m2/repository/org/hamcrest/hamcrest-core/2.2/hamcrest-core-2.2.jar:/home/matija/.m2/repository/org/testcontainers/mongodb/1.18.3/mongodb-1.18.3.jar:/home/matija/.m2/repository/org/testcontainers/testcontainers/1.18.0/testcontainers-1.18.0.jar:/home/matija/.m2/repository/org/apache/commons/commons-compress/1.22/commons-compress-1.22.jar:/home/matija/.m2/repository/org/rnorth/duct-tape/duct-tape/1.0.8/duct-tape-1.0.8.jar:/home/matija/.m2/repository/org/jetbrains/annotations/17.0.0/annotations-17.0.0.jar:/home/matija/.m2/repository/com/github/docker-java/docker-java-api/3.3.0/docker-java-api-3.3.0.jar:/home/matija/.m2/repository/com/github/docker-java/docker-java-transport-zerodep/3.3.0/docker-java-transport-zerodep-3.3.0.jar:/home/matija/.m2/repository/com/github/docker-java/docker-java-transport/3.3.0/docker-java-transport-3.3.0.jar:/home/matija/.m2/repository/net/java/dev/jna/jna/5.12.1/jna-5.12.1.jar:"/>
    <property name="java.vm.vendor" value="Oracle Corporation"/>
    <property name="sun.arch.data.model" value="64"/>
    <property name="java.vendor.url" value="https://java.oracle.com/"/>
    <property name="user.timezone" value="Europe/Belgrade"/>
    <property name="org.jboss.logging.provider" value="slf4j"/>
    <property name="os.name" value="Linux"/>
    <property name="java.vm.specification.version" value="20"/>
    <property name="sun.java.launcher" value="SUN_STANDARD"/>
    <property name="user.country" value="US"/>
    <property name="sun.boot.library.path" value="/home/matija/.jdks/openjdk-20.0.1/lib"/>
    <property name="sun.java.command" value="/home/matija/programi/DevOps/host-service/hotel-host-service/target/surefire/surefirebooter-20230618180016672_3.jar /home/matija/programi/DevOps/host-service/hotel-host-service/target/surefire 2023-06-18T18-00-16_552-jvmRun1 surefire-20230618180016672_1tmp surefire_0-20230618180016672_2tmp"/>
    <property name="jdk.debug" value="release"/>
    <property name="surefire.test.class.path" value="/home/matija/programi/DevOps/host-service/hotel-host-service/target/test-classes:/home/matija/programi/DevOps/host-service/hotel-host-service/target/classes:/home/matija/.m2/repository/org/springframework/boot/spring-boot-starter-data-jdbc/3.1.0/spring-boot-starter-data-jdbc-3.1.0.jar:/home/matija/.m2/repository/org/springframework/data/spring-data-jdbc/3.1.0/spring-data-jdbc-3.1.0.jar:/home/matija/.m2/repository/org/springframework/data/spring-data-relational/3.1.0/spring-data-relational-3.1.0.jar:/home/matija/.m2/repository/org/springframework/data/spring-data-commons/3.1.0/spring-data-commons-3.1.0.jar:/home/matija/.m2/repository/org/springframework/spring-tx/6.0.9/spring-tx-6.0.9.jar:/home/matija/.m2/repository/org/springframework/spring-context/6.0.9/spring-context-6.0.9.jar:/home/matija/.m2/repository/org/springframework/spring-beans/6.0.9/spring-beans-6.0.9.jar:/home/matija/.m2/repository/org/slf4j/slf4j-api/2.0.7/slf4j-api-2.0.7.jar:/home/matija/.m2/repository/org/springframework/boot/spring-boot-starter-data-jpa/3.1.0/spring-boot-starter-data-jpa-3.1.0.jar:/home/matija/.m2/repository/org/springframework/boot/spring-boot-starter-aop/3.1.0/spring-boot-starter-aop-3.1.0.jar:/home/matija/.m2/repository/org/springframework/spring-aop/6.0.9/spring-aop-6.0.9.jar:/home/matija/.m2/repository/org/aspectj/aspectjweaver/1.9.19/aspectjweaver-1.9.19.jar:/home/matija/.m2/repository/org/hibernate/orm/hibernate-core/6.2.2.Final/hibernate-core-6.2.2.Final.jar:/home/matija/.m2/repository/jakarta/persistence/jakarta.persistence-api/3.1.0/jakarta.persistence-api-3.1.0.jar:/home/matija/.m2/repository/jakarta/transaction/jakarta.transaction-api/2.0.1/jakarta.transaction-api-2.0.1.jar:/home/matija/.m2/repository/org/jboss/logging/jboss-logging/3.5.0.Final/jboss-logging-3.5.0.Final.jar:/home/matija/.m2/repository/org/hibernate/common/hibernate-commons-annotations/6.0.6.Final/hibernate-commons-annotations-6.0.6.Final.jar:/home/matija/.m2/repository/io/smallrye/jandex/3.0.5/jandex-3.0.5.jar:/home/matija/.m2/repository/com/fasterxml/classmate/1.5.1/classmate-1.5.1.jar:/home/matija/.m2/repository/net/bytebuddy/byte-buddy/1.14.4/byte-buddy-1.14.4.jar:/home/matija/.m2/repository/org/glassfish/jaxb/jaxb-runtime/4.0.2/jaxb-runtime-4.0.2.jar:/home/matija/.m2/repository/org/glassfish/jaxb/jaxb-core/4.0.2/jaxb-core-4.0.2.jar:/home/matija/.m2/repository/org/eclipse/angus/angus-activation/2.0.0/angus-activation-2.0.0.jar:/home/matija/.m2/repository/org/glassfish/jaxb/txw2/4.0.2/txw2-4.0.2.jar:/home/matija/.m2/repository/com/sun/istack/istack-commons-runtime/4.1.1/istack-commons-runtime-4.1.1.jar:/home/matija/.m2/repository/jakarta/inject/jakarta.inject-api/2.0.1/jakarta.inject-api-2.0.1.jar:/home/matija/.m2/repository/org/antlr/antlr4-runtime/4.10.1/antlr4-runtime-4.10.1.jar:/home/matija/.m2/repository/org/springframework/data/spring-data-jpa/3.1.0/spring-data-jpa-3.1.0.jar:/home/matija/.m2/repository/org/springframework/spring-orm/6.0.9/spring-orm-6.0.9.jar:/home/matija/.m2/repository/jakarta/annotation/jakarta.annotation-api/2.1.1/jakarta.annotation-api-2.1.1.jar:/home/matija/.m2/repository/org/springframework/spring-aspects/6.0.9/spring-aspects-6.0.9.jar:/home/matija/.m2/repository/org/springframework/boot/spring-boot-starter-data-mongodb/3.1.0/spring-boot-starter-data-mongodb-3.1.0.jar:/home/matija/.m2/repository/org/springframework/boot/spring-boot-starter/3.1.0/spring-boot-starter-3.1.0.jar:/home/matija/.m2/repository/org/springframework/boot/spring-boot-autoconfigure/3.1.0/spring-boot-autoconfigure-3.1.0.jar:/home/matija/.m2/repository/org/springframework/boot/spring-boot-starter-logging/3.1.0/spring-boot-starter-logging-3.1.0.jar:/home/matija/.m2/repository/ch/qos/logback/logback-classic/1.4.7/logback-classic-1.4.7.jar:/home/matija/.m2/repository/ch/qos/logback/logback-core/1.4.7/logback-core-1.4.7.jar:/home/matija/.m2/repository/org/apache/logging/log4j/log4j-to-slf4j/2.20.0/log4j-to-slf4j-2.20.0.jar:/home/matija/.m2/repository/org/apache/logging/log4j/log4j-api/2.20.0/log4j-api-2.20.0.jar:/home/matija/.m2/repository/org/slf4j/jul-to-slf4j/2.0.7/jul-to-slf4j-2.0.7.jar:/home/matija/.m2/repository/org/yaml/snakeyaml/1.33/snakeyaml-1.33.jar:/home/matija/.m2/repository/org/mongodb/mongodb-driver-sync/4.9.1/mongodb-driver-sync-4.9.1.jar:/home/matija/.m2/repository/org/mongodb/bson/4.9.1/bson-4.9.1.jar:/home/matija/.m2/repository/org/mongodb/mongodb-driver-core/4.9.1/mongodb-driver-core-4.9.1.jar:/home/matija/.m2/repository/org/mongodb/bson-record-codec/4.9.1/bson-record-codec-4.9.1.jar:/home/matija/.m2/repository/org/springframework/data/spring-data-mongodb/4.1.0/spring-data-mongodb-4.1.0.jar:/home/matija/.m2/repository/org/springframework/spring-expression/6.0.9/spring-expression-6.0.9.jar:/home/matija/.m2/repository/org/springframework/boot/spring-boot-starter-jdbc/3.1.0/spring-boot-starter-jdbc-3.1.0.jar:/home/matija/.m2/repository/com/zaxxer/HikariCP/5.0.1/HikariCP-5.0.1.jar:/home/matija/.m2/repository/org/springframework/spring-jdbc/6.0.9/spring-jdbc-6.0.9.jar:/home/matija/.m2/repository/org/springframework/boot/spring-boot-starter-web/3.1.0/spring-boot-starter-web-3.1.0.jar:/home/matija/.m2/repository/org/springframework/boot/spring-boot-starter-json/3.1.0/spring-boot-starter-json-3.1.0.jar:/home/matija/.m2/repository/com/fasterxml/jackson/datatype/jackson-datatype-jdk8/2.15.0/jackson-datatype-jdk8-2.15.0.jar:/home/matija/.m2/repository/com/fasterxml/jackson/datatype/jackson-datatype-jsr310/2.15.0/jackson-datatype-jsr310-2.15.0.jar:/home/matija/.m2/repository/org/springframework/boot/spring-boot-starter-tomcat/3.1.0/spring-boot-starter-tomcat-3.1.0.jar:/home/matija/.m2/repository/org/apache/tomcat/embed/tomcat-embed-core/10.1.8/tomcat-embed-core-10.1.8.jar:/home/matija/.m2/repository/org/apache/tomcat/embed/tomcat-embed-el/10.1.8/tomcat-embed-el-10.1.8.jar:/home/matija/.m2/repository/org/apache/tomcat/embed/tomcat-embed-websocket/10.1.8/tomcat-embed-websocket-10.1.8.jar:/home/matija/.m2/repository/org/springframework/spring-web/6.0.9/spring-web-6.0.9.jar:/home/matija/.m2/repository/io/micrometer/micrometer-observation/1.11.0/micrometer-observation-1.11.0.jar:/home/matija/.m2/repository/io/micrometer/micrometer-commons/1.11.0/micrometer-commons-1.11.0.jar:/home/matija/.m2/repository/org/springframework/spring-webmvc/6.0.9/spring-webmvc-6.0.9.jar:/home/matija/.m2/repository/org/springframework/boot/spring-boot-starter-websocket/3.1.0/spring-boot-starter-websocket-3.1.0.jar:/home/matija/.m2/repository/org/springframework/spring-messaging/6.0.9/spring-messaging-6.0.9.jar:/home/matija/.m2/repository/org/springframework/spring-websocket/6.0.9/spring-websocket-6.0.9.jar:/home/matija/.m2/repository/org/springframework/boot/spring-boot-docker-compose/3.1.0/spring-boot-docker-compose-3.1.0.jar:/home/matija/.m2/repository/org/springframework/boot/spring-boot/3.1.0/spring-boot-3.1.0.jar:/home/matija/.m2/repository/com/fasterxml/jackson/core/jackson-databind/2.15.0/jackson-databind-2.15.0.jar:/home/matija/.m2/repository/com/fasterxml/jackson/core/jackson-annotations/2.15.0/jackson-annotations-2.15.0.jar:/home/matija/.m2/repository/com/fasterxml/jackson/core/jackson-core/2.15.0/jackson-core-2.15.0.jar:/home/matija/.m2/repository/com/fasterxml/jackson/module/jackson-module-parameter-names/2.15.0/jackson-module-parameter-names-2.15.0.jar:/home/matija/.m2/repository/org/projectlombok/lombok/1.18.26/lombok-1.18.26.jar:/home/matija/.m2/repository/org/springframework/boot/spring-boot-starter-test/3.1.0/spring-boot-starter-test-3.1.0.jar:/home/matija/.m2/repository/org/springframework/boot/spring-boot-test/3.1.0/spring-boot-test-3.1.0.jar:/home/matija/.m2/repository/org/springframework/boot/spring-boot-test-autoconfigure/3.1.0/spring-boot-test-autoconfigure-3.1.0.jar:/home/matija/.m2/repository/com/jayway/jsonpath/json-path/2.8.0/json-path-2.8.0.jar:/home/matija/.m2/repository/jakarta/xml/bind/jakarta.xml.bind-api/4.0.0/jakarta.xml.bind-api-4.0.0.jar:/home/matija/.m2/repository/jakarta/activation/jakarta.activation-api/2.1.2/jakarta.activation-api-2.1.2.jar:/home/matija/.m2/repository/net/minidev/json-smart/2.4.10/json-smart-2.4.10.jar:/home/matija/.m2/repository/net/minidev/accessors-smart/2.4.9/accessors-smart-2.4.9.jar:/home/matija/.m2/repository/org/ow2/asm/asm/9.3/asm-9.3.jar:/home/matija/.m2/repository/org/assertj/assertj-core/3.24.2/assertj-core-3.24.2.jar:/home/matija/.m2/repository/org/hamcrest/hamcrest/2.2/hamcrest-2.2.jar:/home/matija/.m2/repository/org/junit/jupiter/junit-jupiter/5.9.3/junit-jupiter-5.9.3.jar:/home/matija/.m2/repository/org/junit/jupiter/junit-jupiter-api/5.9.3/junit-jupiter-api-5.9.3.jar:/home/matija/.m2/repository/org/opentest4j/opentest4j/1.2.0/opentest4j-1.2.0.jar:/home/matija/.m2/repository/org/junit/platform/junit-platform-commons/1.9.3/junit-platform-commons-1.9.3.jar:/home/matija/.m2/repository/org/apiguardian/apiguardian-api/1.1.2/apiguardian-api-1.1.2.jar:/home/matija/.m2/repository/org/junit/jupiter/junit-jupiter-params/5.9.3/junit-jupiter-params-5.9.3.jar:/home/matija/.m2/repository/org/junit/jupiter/junit-jupiter-engine/5.9.3/junit-jupiter-engine-5.9.3.jar:/home/matija/.m2/repository/org/junit/platform/junit-platform-engine/1.9.3/junit-platform-engine-1.9.3.jar:/home/matija/.m2/repository/org/mockito/mockito-core/5.3.1/mockito-core-5.3.1.jar:/home/matija/.m2/repository/net/bytebuddy/byte-buddy-agent/1.14.4/byte-buddy-agent-1.14.4.jar:/home/matija/.m2/repository/org/objenesis/objenesis/3.3/objenesis-3.3.jar:/home/matija/.m2/repository/org/mockito/mockito-junit-jupiter/5.3.1/mockito-junit-jupiter-5.3.1.jar:/home/matija/.m2/repository/org/skyscreamer/jsonassert/1.5.1/jsonassert-1.5.1.jar:/home/matija/.m2/repository/com/vaadin/external/google/android-json/0.0.20131108.vaadin1/android-json-0.0.20131108.vaadin1.jar:/home/matija/.m2/repository/org/springframework/spring-core/6.0.9/spring-core-6.0.9.jar:/home/matija/.m2/repository/org/springframework/spring-jcl/6.0.9/spring-jcl-6.0.9.jar:/home/matija/.m2/repository/org/springframework/spring-test/6.0.9/spring-test-6.0.9.jar:/home/matija/.m2/repository/org/xmlunit/xmlunit-core/2.9.1/xmlunit-core-2.9.1.jar:/home/matija/.m2/repository/junit/junit/4.13.2/junit-4.13.2.jar:/home/matija/.m2/repository/org/hamcrest/hamcrest-core/2.2/hamcrest-core-2.2.jar:/home/matija/.m2/repository/org/testcontainers/mongodb/1.18.3/mongodb-1.18.3.jar:/home/matija/.m2/repository/org/testcontainers/testcontainers/1.18.0/testcontainers-1.18.0.jar:/home/matija/.m2/repository/org/apache/commons/commons-compress/1.22/commons-compress-1.22.jar:/home/matija/.m2/repository/org/rnorth/duct-tape/duct-tape/1.0.8/duct-tape-1.0.8.jar:/home/matija/.m2/repository/org/jetbrains/annotations/17.0.0/annotations-17.0.0.jar:/home/matija/.m2/repository/com/github/docker-java/docker-java-api/3.3.0/docker-java-api-3.3.0.jar:/home/matija/.m2/repository/com/github/docker-java/docker-java-transport-zerodep/3.3.0/docker-java-transport-zerodep-3.3.0.jar:/home/matija/.m2/repository/com/github/docker-java/docker-java-transport/3.3.0/docker-java-transport-3.3.0.jar:/home/matija/.m2/repository/net/java/dev/jna/jna/5.12.1/jna-5.12.1.jar:"/>
    <property name="sun.cpu.endian" value="little"/>
    <property name="user.home" value="/home/matija"/>
    <property name="user.language" value="en"/>
    <property name="java.specification.vendor" value="Oracle Corporation"/>
    <property name="java.version.date" value="2023-04-18"/>
    <property name="java.home" value="/home/matija/.jdks/openjdk-20.0.1"/>
    <property name="file.separator" value="/"/>
    <property name="basedir" value="/home/matija/programi/DevOps/host-service/hotel-host-service"/>
    <property name="java.vm.compressedOopsMode" value="32-bit"/>
    <property name="line.separator" value="&#10;"/>
    <property name="java.vm.specification.vendor" value="Oracle Corporation"/>
    <property name="java.specification.name" value="Java Platform API Specification"/>
    <property name="FILE_LOG_CHARSET" value="UTF-8"/>
    <property name="java.awt.headless" value="true"/>
    <property name="surefire.real.class.path" value="/home/matija/programi/DevOps/host-service/hotel-host-service/target/surefire/surefirebooter-20230618180016672_3.jar"/>
    <property name="sun.management.compiler" value="HotSpot 64-Bit Tiered Compilers"/>
    <property name="java.runtime.version" value="20.0.1+9-29"/>
    <property name="user.name" value="matija"/>
    <property name="stdout.encoding" value="UTF-8"/>
    <property name="path.separator" value=":"/>
    <property name="os.version" value="5.15.0-75-generic"/>
    <property name="java.runtime.name" value="OpenJDK Runtime Environment"/>
    <property name="file.encoding" value="UTF-8"/>
    <property name="java.vm.name" value="OpenJDK 64-Bit Server VM"/>
    <property name="localRepository" value="/home/matija/.m2/repository"/>
    <property name="java.vendor.url.bug" value="https://bugreport.java.com/bugreport/"/>
    <property name="java.io.tmpdir" value="/tmp"/>
    <property name="idea.version" value="2023.1.2"/>
    <property name="java.version" value="20.0.1"/>
    <property name="user.dir" value="/home/matija/programi/DevOps/host-service/hotel-host-service"/>
    <property name="os.arch" value="amd64"/>
    <property name="java.vm.specification.name" value="Java Virtual Machine Specification"/>
    <property name="PID" value="27604"/>
    <property name="CONSOLE_LOG_CHARSET" value="UTF-8"/>
    <property name="native.encoding" value="UTF-8"/>
    <property name="java.library.path" value="/usr/java/packages/lib:/usr/lib64:/lib64:/lib:/usr/lib"/>
    <property name="java.vm.info" value="mixed mode, sharing"/>
    <property name="stderr.encoding" value="UTF-8"/>
    <property name="java.vendor" value="Oracle Corporation"/>
    <property name="java.vm.version" value="20.0.1+9-29"/>
    <property name="sun.io.unicode.encoding" value="UnicodeLittle"/>
    <property name="java.class.version" value="64.0"/>
  </properties>
  <testcase name="shouldReturnAll" classname="com.artificialncool.hostapp.integration.TestDatabaseCon" time="0.396">
    <system-out><![CDATA[2023-06-18T18:00:22.613+02:00  INFO 27604 --- [           main] t.c.s.AnnotationConfigContextLoaderUtils : Could not detect default configuration classes for test class [com.artificialncool.hostapp.integration.TestDatabaseCon]: TestDatabaseCon does not declare any static, non-private, non-final, nested classes annotated with @Configuration.
2023-06-18T18:00:22.641+02:00  INFO 27604 --- [           main] .b.t.c.SpringBootTestContextBootstrapper : Found @SpringBootConfiguration com.artificialncool.hostapp.HostappApplication for test class com.artificialncool.hostapp.integration.TestDatabaseCon
2023-06-18T18:00:22.695+02:00  INFO 27604 --- [           main] o.t.utility.ImageNameSubstitutor         : Image name substitution will be performed by: DefaultImageNameSubstitutor (composite of 'ConfigurationFileImageNameSubstitutor' and 'PrefixingImageNameSubstitutor')
2023-06-18T18:00:22.897+02:00  INFO 27604 --- [           main] o.t.d.DockerClientProviderStrategy       : Loaded org.testcontainers.dockerclient.UnixSocketClientProviderStrategy from ~/.testcontainers.properties, will try it first
2023-06-18T18:00:23.331+02:00  INFO 27604 --- [           main] o.t.d.DockerClientProviderStrategy       : Found Docker environment with local Unix socket (unix:///var/run/docker.sock)
2023-06-18T18:00:23.334+02:00  INFO 27604 --- [           main] org.testcontainers.DockerClientFactory   : Docker host IP address is localhost
2023-06-18T18:00:23.361+02:00  INFO 27604 --- [           main] org.testcontainers.DockerClientFactory   : Connected to docker: 
  Server Version: 24.0.2
  API Version: 1.43
  Operating System: Ubuntu 22.04.2 LTS
  Total Memory: 7811 MB
2023-06-18T18:00:23.393+02:00  INFO 27604 --- [           main] tc.testcontainers/ryuk:0.4.0             : Creating container for image: testcontainers/ryuk:0.4.0
2023-06-18T18:00:23.400+02:00  INFO 27604 --- [           main] o.t.utility.RegistryAuthLocator          : Failure when attempting to lookup auth config. Please ignore if you don't have images in an authenticated registry. Details: (dockerImageName: testcontainers/ryuk:0.4.0, configFile: /home/matija/.docker/config.json, configEnv: DOCKER_AUTH_CONFIG). Falling back to docker-java default behaviour. Exception message: Status 404: No config supplied. Checked in order: /home/matija/.docker/config.json (file not found), DOCKER_AUTH_CONFIG (not set)
2023-06-18T18:00:24.757+02:00  INFO 27604 --- [           main] tc.testcontainers/ryuk:0.4.0             : Container testcontainers/ryuk:0.4.0 is starting: d34de50c62ff511772ed45a2fd8a720589055c7d4f836700eda78b0e81337d01
2023-06-18T18:00:25.418+02:00  INFO 27604 --- [           main] tc.testcontainers/ryuk:0.4.0             : Container testcontainers/ryuk:0.4.0 started in PT2.048451713S
2023-06-18T18:00:25.424+02:00  INFO 27604 --- [           main] o.t.utility.RyukResourceReaper           : Ryuk started - will monitor and terminate Testcontainers containers on JVM exit
2023-06-18T18:00:25.424+02:00  INFO 27604 --- [           main] org.testcontainers.DockerClientFactory   : Checking the system...
2023-06-18T18:00:25.425+02:00  INFO 27604 --- [           main] org.testcontainers.DockerClientFactory   : ✔︎ Docker server version should be at least 1.6.0
2023-06-18T18:00:25.426+02:00  INFO 27604 --- [           main] tc.mongo:latest                          : Creating container for image: mongo:latest
2023-06-18T18:00:25.514+02:00  INFO 27604 --- [           main] tc.mongo:latest                          : Container mongo:latest is starting: 009934db2a92d84fd5832874edced5f1591850b9be492d473e8798ab4d43f964
2023-06-18T18:00:27.772+02:00  INFO 27604 --- [           main] tc.mongo:latest                          : Container mongo:latest started in PT2.346377029S

  .   ____          _            __ _ _
 /\\ / ___'_ __ _ _(_)_ __  __ _ \ \ \ \
( ( )\___ | '_ | '_| | '_ \/ _` | \ \ \ \
 \\/  ___)| |_)| | | | | || (_| |  ) ) ) )
  '  |____| .__|_| |_|_| |_\__, | / / / /
 =========|_|==============|___/=/_/_/_/
 :: Spring Boot ::                (v3.1.0)

2023-06-18T18:00:32.647+02:00  INFO 27604 --- [           main] c.a.hostapp.integration.TestDatabaseCon  : Starting TestDatabaseCon using Java 20.0.1 with PID 27604 (started by matija in /home/matija/programi/DevOps/host-service/hotel-host-service)
2023-06-18T18:00:32.647+02:00  INFO 27604 --- [           main] c.a.hostapp.integration.TestDatabaseCon  : No active profile set, falling back to 1 default profile: "default"
2023-06-18T18:00:32.834+02:00  INFO 27604 --- [           main] .s.d.r.c.RepositoryConfigurationDelegate : Multiple Spring Data modules found, entering strict repository configuration mode
2023-06-18T18:00:32.835+02:00  INFO 27604 --- [           main] .s.d.r.c.RepositoryConfigurationDelegate : Bootstrapping Spring Data MongoDB repositories in DEFAULT mode.
2023-06-18T18:00:32.847+02:00  INFO 27604 --- [           main] .s.d.r.c.RepositoryConfigurationDelegate : Finished Spring Data repository scanning in 12 ms. Found 2 MongoDB repository interfaces.
2023-06-18T18:00:33.036+02:00  INFO 27604 --- [           main] org.mongodb.driver.client                : MongoClient with metadata {"driver": {"name": "mongo-java-driver|sync|spring-boot", "version": "4.9.1"}, "os": {"type": "Linux", "name": "Linux", "architecture": "amd64", "version": "5.15.0-75-generic"}, "platform": "Java/Oracle Corporation/20.0.1+9-29"} created with settings MongoClientSettings{readPreference=primary, writeConcern=WriteConcern{w=null, wTimeout=null ms, journal=null}, retryWrites=true, retryReads=true, readConcern=ReadConcern{level=null}, credential=null, streamFactoryFactory=null, commandListeners=[], codecRegistry=ProvidersCodecRegistry{codecProviders=[ValueCodecProvider{}, BsonValueCodecProvider{}, DBRefCodecProvider{}, DBObjectCodecProvider{}, DocumentCodecProvider{}, CollectionCodecProvider{}, IterableCodecProvider{}, MapCodecProvider{}, GeoJsonCodecProvider{}, GridFSFileCodecProvider{}, Jsr310CodecProvider{}, JsonObjectCodecProvider{}, BsonCodecProvider{}, EnumCodecProvider{}, com.mongodb.client.model.mql.ExpressionCodecProvider@77ab22be, com.mongodb.Jep395RecordCodecProvider@59fbb34]}, loggerSettings=LoggerSettings{maxDocumentLength=1000}, clusterSettings={hosts=[localhost:32824], srvServiceName=mongodb, mode=SINGLE, requiredClusterType=UNKNOWN, requiredReplicaSetName='null', serverSelector='null', clusterListeners='[]', serverSelectionTimeout='30000 ms', localThreshold='30000 ms'}, socketSettings=SocketSettings{connectTimeoutMS=10000, readTimeoutMS=0, receiveBufferSize=0, sendBufferSize=0}, heartbeatSocketSettings=SocketSettings{connectTimeoutMS=10000, readTimeoutMS=10000, receiveBufferSize=0, sendBufferSize=0}, connectionPoolSettings=ConnectionPoolSettings{maxSize=100, minSize=0, maxWaitTimeMS=120000, maxConnectionLifeTimeMS=0, maxConnectionIdleTimeMS=0, maintenanceInitialDelayMS=0, maintenanceFrequencyMS=60000, connectionPoolListeners=[], maxConnecting=2}, serverSettings=ServerSettings{heartbeatFrequencyMS=10000, minHeartbeatFrequencyMS=500, serverListeners='[]', serverMonitorListeners='[]'}, sslSettings=SslSettings{enabled=false, invalidHostNameAllowed=false, context=null}, applicationName='null', compressorList=[], uuidRepresentation=JAVA_LEGACY, serverApi=null, autoEncryptionSettings=null, contextProvider=null}
2023-06-18T18:00:33.056+02:00  INFO 27604 --- [localhost:32824] org.mongodb.driver.cluster               : Monitor thread successfully connected to server with description ServerDescription{address=localhost:32824, type=REPLICA_SET_PRIMARY, state=CONNECTED, ok=true, minWireVersion=0, maxWireVersion=17, maxDocumentSize=16777216, logicalSessionTimeoutMinutes=30, roundTripTimeNanos=4945880, setName='docker-rs', canonicalAddress=009934db2a92:27017, hosts=[009934db2a92:27017], passives=[], arbiters=[], primary='009934db2a92:27017', tagSet=TagSet{[]}, electionId=7fffffff0000000000000001, setVersion=1, topologyVersion=TopologyVersion{processId=648f2a1ad6a94275522f99be, counter=6}, lastWriteDate=Sun Jun 18 18:00:31 CEST 2023, lastUpdateTimeNanos=10202515642616}
2023-06-18T18:00:33.296+02:00  INFO 27604 --- [           main] o.s.b.t.m.w.SpringBootMockServletContext : Initializing Spring TestDispatcherServlet ''
2023-06-18T18:00:33.296+02:00  INFO 27604 --- [           main] o.s.t.web.servlet.TestDispatcherServlet  : Initializing Servlet ''
2023-06-18T18:00:33.300+02:00  INFO 27604 --- [           main] o.s.t.web.servlet.TestDispatcherServlet  : Completed initialization in 2 ms
2023-06-18T18:00:33.311+02:00  INFO 27604 --- [           main] c.a.hostapp.integration.TestDatabaseCon  : Started TestDatabaseCon in 0.704 seconds (process running for 16.556)

MockHttpServletRequest:
      HTTP Method = GET
      Request URI = /api/host/korisnik/all
       Parameters = {}
          Headers = [Accept:"application/json"]
             Body = null
    Session Attrs = {}

Handler:
             Type = com.artificialncool.hostapp.controller.KorisnikController
           Method = com.artificialncool.hostapp.controller.KorisnikController#getAll()

Async:
    Async started = false
     Async result = null

Resolved Exception:
             Type = null

ModelAndView:
        View name = null
             View = null
            Model = null

FlashMap:
       Attributes = null

MockHttpServletResponse:
           Status = 200
    Error message = null
          Headers = [Content-Type:"application/json"]
     Content type = application/json
             Body = [{"id":"648f2a218accca0ad9d3edd7","username":null,"ime":null,"prezime":null,"email":null,"prebivalste":null,"prosecnaOcena":null,"uloga":null,"ocene":[],"notifikacije":[]},{"id":"648f2a218accca0ad9d3edd8","username":null,"ime":null,"prezime":null,"email":null,"prebivalste":null,"prosecnaOcena":null,"uloga":null,"ocene":[],"notifikacije":[]},{"id":"648f2a218accca0ad9d3edd9","username":null,"ime":null,"prezime":null,"email":null,"prebivalste":null,"prosecnaOcena":null,"uloga":null,"ocene":[],"notifikacije":[]}]
    Forwarded URL = null
   Redirected URL = null
          Cookies = []
]]></system-out>
  </testcase>
  <testcase name="shouldSaveOne" classname="com.artificialncool.hostapp.integration.TestDatabaseCon" time="0.093">
    <system-out><![CDATA[
MockHttpServletRequest:
      HTTP Method = POST
      Request URI = /api/host/korisnik
       Parameters = {}
          Headers = [Content-Type:"application/json;charset=UTF-8", Accept:"application/json", Content-Length:"204"]
             Body = {"id":null,"username":"test-user","ime":"testko","prezime":"testovic","email":"test@example.com","prebivalste":"Buljakovac 34, Cacak","prosecnaOcena":null,"uloga":"GUEST","ocene":null,"notifikacije":null}
    Session Attrs = {}

Handler:
             Type = com.artificialncool.hostapp.controller.KorisnikController
           Method = com.artificialncool.hostapp.controller.KorisnikController#createKorisnik(Korisnik)

Async:
    Async started = false
     Async result = null

Resolved Exception:
             Type = null

ModelAndView:
        View name = null
             View = null
            Model = null

FlashMap:
       Attributes = null

MockHttpServletResponse:
           Status = 201
    Error message = null
          Headers = [Content-Type:"application/json"]
     Content type = application/json
             Body = {"id":"648f2a218accca0ad9d3edda","username":"test-user","ime":"testko","prezime":"testovic","email":"test@example.com","prebivalste":"Buljakovac 34, Cacak","prosecnaOcena":null,"uloga":"GUEST","ocene":null,"notifikacije":null}
    Forwarded URL = null
   Redirected URL = null
          Cookies = []
]]></system-out>
  </testcase>
</testsuite>